<?xml version="1.0" encoding="UTF-8"?>
<!-- Generated by org.testng.reporters.JUnitReportReporter -->
<testsuite hostname="DESKTOP-5H8S711" failures="0" tests="8" name="tests.InventoryTests" time="80.645" errors="0" timestamp="2025-09-06T18:11:04 IST" skipped="0">
  <testcase classname="tests.InventoryTests" name="addSingleProductToCart" time="9.639"/>
  <testcase classname="tests.InventoryTests" name="verifyProductsDisplayed" time="8.678"/>
  <testcase classname="tests.InventoryTests" name="sortProductsByNameZA" time="9.698"/>
  <testcase classname="tests.InventoryTests" name="sortProductsByPriceLowToHigh" time="9.707"/>
  <testcase classname="tests.InventoryTests" name="removeProductFromCart" time="11.835"/>
  <testcase classname="tests.InventoryTests" name="sortProductsByPriceHighToLow" time="9.617"/>
  <testcase classname="tests.InventoryTests" name="sortProductsByNameAZ" time="9.648"/>
  <testcase classname="tests.InventoryTests" name="addMultipleProductsToCart" time="11.823"/>
</testsuite> <!-- tests.InventoryTests -->
