<?xml version="1.0" encoding="UTF-8"?>
<!-- Generated by org.testng.reporters.JUnitReportReporter -->
<testsuite hostname="DESKTOP-5H8S711" failures="0" tests="8" name="tests.LoginTests" time="63.132" errors="0" timestamp="2025-09-06T18:11:04 IST" skipped="0">
  <testcase classname="tests.LoginTests" name="errorMessageDisappearsAfterRetry" time="10.912"/>
  <testcase classname="tests.LoginTests" name="verifyUrlAndTitleAfterLogin" time="6.648"/>
  <testcase classname="tests.LoginTests" name="performanceGlitchUserLogin" time="12.634"/>
  <testcase classname="tests.LoginTests" name="lockedOutUserLogin" time="5.631"/>
  <testcase classname="tests.LoginTests" name="blankFieldsLogin" time="7.838"/>
  <testcase classname="tests.LoginTests" name="invalidLoginWrongPassword" time="5.638"/>
  <testcase classname="tests.LoginTests" name="validLogin" time="6.596"/>
  <testcase classname="tests.LoginTests" name="invalidLoginWrongUsername" time="7.235"/>
</testsuite> <!-- tests.LoginTests -->
