<?xml version="1.0" encoding="UTF-8"?>
<!-- Generated by org.testng.reporters.JUnitReportReporter -->
<testsuite hostname="DESKTOP-ANCCPSQ" failures="0" tests="1" name="tests.LogoutTest" time="12.732" errors="0" timestamp="2025-09-03T09:20:36 IST" skipped="0">
  <testcase classname="tests.LogoutTest" name="logoutTest" time="12.732"/>
</testsuite> <!-- tests.LogoutTest -->
