<?xml version="1.0" encoding="UTF-8"?>
<!-- Generated by org.testng.reporters.JUnitReportReporter -->
<testsuite hostname="DESKTOP-ANCCPSQ" failures="0" tests="2" name="tests.LoginTest" time="20.626" errors="0" timestamp="2025-09-03T09:20:36 IST" skipped="0">
  <testcase classname="tests.LoginTest" name="validLoginTest" time="9.907"/>
  <testcase classname="tests.LoginTest" name="invalidLoginTest" time="10.719"/>
</testsuite> <!-- tests.LoginTest -->
