<?xml version="1.0" encoding="UTF-8"?>
<!-- Generated by org.testng.reporters.JUnitReportReporter -->
<testsuite hostname="DESKTOP-5H8S711" failures="0" tests="4" name="tests.UITests" time="42.977" errors="0" timestamp="2025-09-06T18:11:04 IST" skipped="0">
  <testcase classname="tests.UITests" name="verifyFooterLinks" time="8.712"/>
  <testcase classname="tests.UITests" name="verifyBackButtonAfterLogout" time="14.789"/>
  <testcase classname="tests.UITests" name="verifyPageTitleAndLogoConsistency" time="12.012"/>
  <testcase classname="tests.UITests" name="verifyLoginPageUIElements" time="7.464"/>
</testsuite> <!-- tests.UITests -->
