<?xml version="1.0" encoding="UTF-8"?>
<!-- Generated by org.testng.reporters.JUnitReportReporter -->
<testsuite hostname="DESKTOP-5H8S711" failures="0" tests="6" name="tests.CartTests" time="88.972" errors="0" timestamp="2025-09-06T18:11:04 IST" skipped="0">
  <testcase classname="tests.CartTests" name="verifyCartIsEmptyAfterRemovingItems" time="23.789"/>
  <testcase classname="tests.CartTests" name="verifyNavigatingToCartPage" time="11.804"/>
  <testcase classname="tests.CartTests" name="verifyCartBadgeIncreases" time="11.814"/>
  <testcase classname="tests.CartTests" name="checkoutButtonWorks" time="13.847"/>
  <testcase classname="tests.CartTests" name="verifyProductDetailsInCart" time="13.933"/>
  <testcase classname="tests.CartTests" name="continueShoppingButtonWorks" time="13.785"/>
</testsuite> <!-- tests.CartTests -->
