<?xml version="1.0" encoding="UTF-8"?>
<!-- Generated by org.testng.reporters.JUnitReportReporter -->
<testsuite hostname="DESKTOP-5H8S711" failures="0" tests="10" name="tests.CheckoutTests" time="180.132" errors="0" timestamp="2025-09-06T18:11:04 IST" skipped="0">
  <testcase classname="tests.CheckoutTests" name="cancelCheckout" time="16.913"/>
  <testcase classname="tests.CheckoutTests" name="checkoutWithMissingLastName" time="18.083"/>
  <testcase classname="tests.CheckoutTests" name="checkoutWithValidDetails" time="17.109"/>
  <testcase classname="tests.CheckoutTests" name="verifyCheckoutOverviewPage" time="19.131"/>
  <testcase classname="tests.CheckoutTests" name="finishButtonCompletesOrder" time="19.171"/>
  <testcase classname="tests.CheckoutTests" name="checkoutWithMissingFirstName" time="18.089"/>
  <testcase classname="tests.CheckoutTests" name="invalidZipCodeFormat" time="17.107"/>
  <testcase classname="tests.CheckoutTests" name="verifyBackToProductsButtonWorks" time="20.258"/>
  <testcase classname="tests.CheckoutTests" name="verifySuccessMessageAfterOrder" time="16.177"/>
  <testcase classname="tests.CheckoutTests" name="checkoutWithMissingPostalCode" time="18.094"/>
</testsuite> <!-- tests.CheckoutTests -->
