<?xml version="1.0" encoding="UTF-8"?>
<!-- Generated by org.testng.reporters.JUnitReportReporter -->
<testsuite hostname="DESKTOP-5H8S711" failures="0" tests="4" name="tests.MenuTests" time="61.983" errors="0" timestamp="2025-09-06T18:11:04 IST" skipped="0">
  <testcase classname="tests.MenuTests" name="verifyAboutLink" time="15.754"/>
  <testcase classname="tests.MenuTests" name="verifyResetAppState" time="22.930"/>
  <testcase classname="tests.MenuTests" name="verifyUserCanLogout" time="11.861"/>
  <testcase classname="tests.MenuTests" name="verifyAllMenuOptionsVisible" time="11.438"/>
</testsuite> <!-- tests.MenuTests -->
